The target system is: Arduino -  - 
The host system is: Darwin - 18.7.0 - x86_64
Compiling the CXX compiler identification source file "CMakeCXXCompilerId.cpp" succeeded.
Compiler: /Applications/Arduino.app/Contents/Java/hardware/tools/avr/bin/avr-g++ 
Build flags: 
Id flags:  

The output was:
0


Compilation of the CXX compiler identification source "CMakeCXXCompilerId.cpp" produced "a.out"

The CXX compiler identification is GNU, found in "/Users/scardenete/Documents/my_own_documents/Arduino/Proyect_Pi_Arduino/build/CMakeFiles/3.17.1/CompilerIdCXX/a.out"

Determining if the CXX compiler works passed with the following output:
Change Dir: /Users/scardenete/Documents/my_own_documents/Arduino/Proyect_Pi_Arduino/build/CMakeFiles/CMakeTmp

Run Build Command(s):/usr/bin/gmake cmTC_845e7/fast && /Applications/Xcode.app/Contents/Developer/usr/bin/make  -f CMakeFiles/cmTC_845e7.dir/build.make CMakeFiles/cmTC_845e7.dir/build
Building CXX object CMakeFiles/cmTC_845e7.dir/testCXXCompiler.cxx.o
/Applications/Arduino.app/Contents/Java/hardware/tools/avr/bin/avr-g++  -c -g -Os -w -std=gnu++11 -fpermissive -fno-exceptions -ffunction-sections -fdata-sections -fno-threadsafe-statics -Wno-error=narrowing -MMD -flto -mmcu=atmega328p -DF_CPU=16000000L -DARDUINO=10809 -DARDUINO_AVR_NANO -DARDUINO_ARCH_AVR   -DARDUINO_AVR_NANO_MENU_CPU_ATMEGA328OLD   /Users/scardenete/Documents/my_own_documents/Arduino/Proyect_Pi_Arduino/build/CMakeFiles/CMakeTmp/testCXXCompiler.cxx -o CMakeFiles/cmTC_845e7.dir/testCXXCompiler.cxx.o
Linking CXX static library libcmTC_845e7.a
/usr/local/Cellar/cmake/3.17.1/bin/cmake -P CMakeFiles/cmTC_845e7.dir/cmake_clean_target.cmake
/usr/local/Cellar/cmake/3.17.1/bin/cmake -E cmake_link_script CMakeFiles/cmTC_845e7.dir/link.txt --verbose=1
/Applications/Arduino.app/Contents/Java/hardware/tools/avr/bin/avr-gcc-ar  rcs  libcmTC_845e7.a  CMakeFiles/cmTC_845e7.dir/testCXXCompiler.cxx.o



Detecting CXX compiler ABI info compiled with the following output:
Change Dir: /Users/scardenete/Documents/my_own_documents/Arduino/Proyect_Pi_Arduino/build/CMakeFiles/CMakeTmp

Run Build Command(s):/usr/bin/gmake cmTC_af00c/fast && /Applications/Xcode.app/Contents/Developer/usr/bin/make  -f CMakeFiles/cmTC_af00c.dir/build.make CMakeFiles/cmTC_af00c.dir/build
Building CXX object CMakeFiles/cmTC_af00c.dir/CMakeCXXCompilerABI.cpp.o
/Applications/Arduino.app/Contents/Java/hardware/tools/avr/bin/avr-g++  -c -g -Os -w -std=gnu++11 -fpermissive -fno-exceptions -ffunction-sections -fdata-sections -fno-threadsafe-statics -Wno-error=narrowing -MMD -flto -mmcu=atmega328p -DF_CPU=16000000L -DARDUINO=10809 -DARDUINO_AVR_NANO -DARDUINO_ARCH_AVR   -DARDUINO_AVR_NANO_MENU_CPU_ATMEGA328OLD  -v /usr/local/Cellar/cmake/3.17.1/share/cmake/Modules/CMakeCXXCompilerABI.cpp -o CMakeFiles/cmTC_af00c.dir/CMakeCXXCompilerABI.cpp.o
Using built-in specs.
Reading specs from /Applications/Arduino.app/Contents/Java/hardware/tools/avr/bin/../lib/gcc/avr/5.4.0/device-specs/specs-atmega328p
COLLECT_GCC=/Applications/Arduino.app/Contents/Java/hardware/tools/avr/bin/avr-g++
Target: avr
Configured with: ../gcc/configure --enable-fixed-point --enable-languages=c,c++ --prefix=/Users/jenkins/jenkins/workspace/avr-gcc-staging/label/mac-mini/objdir --disable-nls --disable-libssp --disable-libada --disable-shared --with-avrlibc=yes --with-dwarf2 --disable-doc --target=avr
Thread model: single
gcc version 5.4.0 (GCC) 
COLLECT_GCC_OPTIONS='-c' '-g' '-Os' '-w' '-std=gnu++11' '-fpermissive' '-fno-exceptions' '-ffunction-sections' '-fdata-sections' '-fno-threadsafe-statics' '-Wno-error=narrowing' '-MMD' '-flto'  '-D' 'F_CPU=16000000L' '-D' 'ARDUINO=10809' '-D' 'ARDUINO_AVR_NANO' '-D' 'ARDUINO_ARCH_AVR' '-D' 'ARDUINO_AVR_NANO_MENU_CPU_ATMEGA328OLD' '-v' '-o' 'CMakeFiles/cmTC_af00c.dir/CMakeCXXCompilerABI.cpp.o' '-specs=device-specs/specs-atmega328p' '-mmcu=avr5'
 /Applications/Arduino.app/Contents/Java/hardware/tools/avr/bin/../libexec/gcc/avr/5.4.0/cc1plus -quiet -v -imultilib avr5 -iprefix /Applications/Arduino.app/Contents/Java/hardware/tools/avr/bin/../lib/gcc/avr/5.4.0/ -MMD CMakeFiles/cmTC_af00c.dir/CMakeCXXCompilerABI.cpp.d -MQ CMakeFiles/cmTC_af00c.dir/CMakeCXXCompilerABI.cpp.o -D__AVR_ATmega328P__ -D__AVR_DEVICE_NAME__=atmega328p -D F_CPU=16000000L -D ARDUINO=10809 -D ARDUINO_AVR_NANO -D ARDUINO_ARCH_AVR -D ARDUINO_AVR_NANO_MENU_CPU_ATMEGA328OLD /usr/local/Cellar/cmake/3.17.1/share/cmake/Modules/CMakeCXXCompilerABI.cpp -mn-flash=1 -mno-skip-bug -quiet -dumpbase CMakeCXXCompilerABI.cpp -mmcu=avr5 -auxbase-strip CMakeFiles/cmTC_af00c.dir/CMakeCXXCompilerABI.cpp.o -g -Os -Wno-error=narrowing -w -std=gnu++11 -version -fpermissive -fno-exceptions -ffunction-sections -fdata-sections -fno-threadsafe-statics -flto -mn-flash=1 -mno-skip-bug -fno-rtti -fno-enforce-eh-specs -fno-exceptions -o /var/folders/lp/zd053hw96kb02kbtqmnh8pt8fvxm0m/T//ccd9seDT.s
GNU C++11 (GCC) version 5.4.0 (avr)
	compiled by GNU C version 4.2.1 Compatible Apple LLVM 8.1.0 (clang-802.0.38), GMP version 5.0.2, MPFR version 3.0.0, MPC version 0.9
GGC heuristics: --param ggc-min-expand=100 --param ggc-min-heapsize=131072
ignoring nonexistent directory "/Applications/Arduino.app/Contents/Java/hardware/tools/avr/bin/../lib/gcc/avr/5.4.0/../../../../avr/include/c++/5.4.0"
ignoring nonexistent directory "/Applications/Arduino.app/Contents/Java/hardware/tools/avr/bin/../lib/gcc/avr/5.4.0/../../../../avr/include/c++/5.4.0/avr/avr5"
ignoring nonexistent directory "/Applications/Arduino.app/Contents/Java/hardware/tools/avr/bin/../lib/gcc/avr/5.4.0/../../../../avr/include/c++/5.4.0/backward"
ignoring nonexistent directory "/Applications/Arduino.app/Contents/Java/hardware/tools/avr/bin/../lib/gcc/avr/5.4.0/../../../../avr/sys-include"
ignoring nonexistent directory "/Applications/Arduino.app/Contents/Java/hardware/tools/avr/bin/../lib/gcc/../../lib/gcc/avr/5.4.0/../../../../avr/include/c++/5.4.0"
ignoring nonexistent directory "/Applications/Arduino.app/Contents/Java/hardware/tools/avr/bin/../lib/gcc/../../lib/gcc/avr/5.4.0/../../../../avr/include/c++/5.4.0/avr/avr5"
ignoring nonexistent directory "/Applications/Arduino.app/Contents/Java/hardware/tools/avr/bin/../lib/gcc/../../lib/gcc/avr/5.4.0/../../../../avr/include/c++/5.4.0/backward"
ignoring duplicate directory "/Applications/Arduino.app/Contents/Java/hardware/tools/avr/bin/../lib/gcc/../../lib/gcc/avr/5.4.0/include"
ignoring duplicate directory "/Applications/Arduino.app/Contents/Java/hardware/tools/avr/bin/../lib/gcc/../../lib/gcc/avr/5.4.0/include-fixed"
ignoring nonexistent directory "/Applications/Arduino.app/Contents/Java/hardware/tools/avr/bin/../lib/gcc/../../lib/gcc/avr/5.4.0/../../../../avr/sys-include"
ignoring duplicate directory "/Applications/Arduino.app/Contents/Java/hardware/tools/avr/bin/../lib/gcc/../../lib/gcc/avr/5.4.0/../../../../avr/include"
#include "..." search starts here:
#include <...> search starts here:
 /Applications/Arduino.app/Contents/Java/hardware/tools/avr/bin/../lib/gcc/avr/5.4.0/include
 /Applications/Arduino.app/Contents/Java/hardware/tools/avr/bin/../lib/gcc/avr/5.4.0/include-fixed
 /Applications/Arduino.app/Contents/Java/hardware/tools/avr/bin/../lib/gcc/avr/5.4.0/../../../../avr/include
End of search list.
GNU C++11 (GCC) version 5.4.0 (avr)
	compiled by GNU C version 4.2.1 Compatible Apple LLVM 8.1.0 (clang-802.0.38), GMP version 5.0.2, MPFR version 3.0.0, MPC version 0.9
GGC heuristics: --param ggc-min-expand=100 --param ggc-min-heapsize=131072
Compiler executable checksum: 775dbac7238c85f777b2c398bf4fc173
COLLECT_GCC_OPTIONS='-c' '-g' '-Os' '-w' '-std=gnu++11' '-fpermissive' '-fno-exceptions' '-ffunction-sections' '-fdata-sections' '-fno-threadsafe-statics' '-Wno-error=narrowing' '-MMD' '-flto'  '-D' 'F_CPU=16000000L' '-D' 'ARDUINO=10809' '-D' 'ARDUINO_AVR_NANO' '-D' 'ARDUINO_ARCH_AVR' '-D' 'ARDUINO_AVR_NANO_MENU_CPU_ATMEGA328OLD' '-v' '-o' 'CMakeFiles/cmTC_af00c.dir/CMakeCXXCompilerABI.cpp.o' '-specs=device-specs/specs-atmega328p' '-mmcu=avr5'
 /Applications/Arduino.app/Contents/Java/hardware/tools/avr/bin/../lib/gcc/avr/5.4.0/../../../../avr/bin/as -mmcu=avr5 -mno-skip-bug -o CMakeFiles/cmTC_af00c.dir/CMakeCXXCompilerABI.cpp.o /var/folders/lp/zd053hw96kb02kbtqmnh8pt8fvxm0m/T//ccd9seDT.s
COMPILER_PATH=/Applications/Arduino.app/Contents/Java/hardware/tools/avr/bin/../libexec/gcc/avr/5.4.0/:/Applications/Arduino.app/Contents/Java/hardware/tools/avr/bin/../libexec/gcc/:/Applications/Arduino.app/Contents/Java/hardware/tools/avr/bin/../lib/gcc/avr/5.4.0/../../../../avr/bin/
LIBRARY_PATH=/Applications/Arduino.app/Contents/Java/hardware/tools/avr/bin/../lib/gcc/avr/5.4.0/avr5/:/Applications/Arduino.app/Contents/Java/hardware/tools/avr/bin/../lib/gcc/avr/5.4.0/../../../../avr/lib/avr5/:/Applications/Arduino.app/Contents/Java/hardware/tools/avr/bin/../lib/gcc/avr/5.4.0/:/Applications/Arduino.app/Contents/Java/hardware/tools/avr/bin/../lib/gcc/:/Applications/Arduino.app/Contents/Java/hardware/tools/avr/bin/../lib/gcc/avr/5.4.0/../../../../avr/lib/
COLLECT_GCC_OPTIONS='-c' '-g' '-Os' '-w' '-std=gnu++11' '-fpermissive' '-fno-exceptions' '-ffunction-sections' '-fdata-sections' '-fno-threadsafe-statics' '-Wno-error=narrowing' '-MMD' '-flto'  '-D' 'F_CPU=16000000L' '-D' 'ARDUINO=10809' '-D' 'ARDUINO_AVR_NANO' '-D' 'ARDUINO_ARCH_AVR' '-D' 'ARDUINO_AVR_NANO_MENU_CPU_ATMEGA328OLD' '-v' '-o' 'CMakeFiles/cmTC_af00c.dir/CMakeCXXCompilerABI.cpp.o' '-specs=device-specs/specs-atmega328p' '-mmcu=avr5'
Linking CXX static library libcmTC_af00c.a
/usr/local/Cellar/cmake/3.17.1/bin/cmake -P CMakeFiles/cmTC_af00c.dir/cmake_clean_target.cmake
/usr/local/Cellar/cmake/3.17.1/bin/cmake -E cmake_link_script CMakeFiles/cmTC_af00c.dir/link.txt --verbose=1
/Applications/Arduino.app/Contents/Java/hardware/tools/avr/bin/avr-gcc-ar  rcs  libcmTC_af00c.a  CMakeFiles/cmTC_af00c.dir/CMakeCXXCompilerABI.cpp.o



Parsed CXX implicit include dir info from above output: rv=done
  found start of include info
  found start of implicit include info
    add: [/Applications/Arduino.app/Contents/Java/hardware/tools/avr/bin/../lib/gcc/avr/5.4.0/include]
    add: [/Applications/Arduino.app/Contents/Java/hardware/tools/avr/bin/../lib/gcc/avr/5.4.0/include-fixed]
    add: [/Applications/Arduino.app/Contents/Java/hardware/tools/avr/bin/../lib/gcc/avr/5.4.0/../../../../avr/include]
  end of search list found
  collapse include dir [/Applications/Arduino.app/Contents/Java/hardware/tools/avr/bin/../lib/gcc/avr/5.4.0/include] ==> [/Applications/Arduino.app/Contents/Java/hardware/tools/avr/lib/gcc/avr/5.4.0/include]
  collapse include dir [/Applications/Arduino.app/Contents/Java/hardware/tools/avr/bin/../lib/gcc/avr/5.4.0/include-fixed] ==> [/Applications/Arduino.app/Contents/Java/hardware/tools/avr/lib/gcc/avr/5.4.0/include-fixed]
  collapse include dir [/Applications/Arduino.app/Contents/Java/hardware/tools/avr/bin/../lib/gcc/avr/5.4.0/../../../../avr/include] ==> [/Applications/Arduino.app/Contents/Java/hardware/tools/avr/avr/include]
  implicit include dirs: [/Applications/Arduino.app/Contents/Java/hardware/tools/avr/lib/gcc/avr/5.4.0/include;/Applications/Arduino.app/Contents/Java/hardware/tools/avr/lib/gcc/avr/5.4.0/include-fixed;/Applications/Arduino.app/Contents/Java/hardware/tools/avr/avr/include]


Parsed CXX implicit link information from above output:
  link line regex: [^( *|.*[/\])(avr-ld|CMAKE_LINK_STARTFILE-NOTFOUND|([^/\]+-)?ld|collect2)[^/\]*( |$)]
  ignore line: [Change Dir: /Users/scardenete/Documents/my_own_documents/Arduino/Proyect_Pi_Arduino/build/CMakeFiles/CMakeTmp]
  ignore line: []
  ignore line: [Run Build Command(s):/usr/bin/gmake cmTC_af00c/fast && /Applications/Xcode.app/Contents/Developer/usr/bin/make  -f CMakeFiles/cmTC_af00c.dir/build.make CMakeFiles/cmTC_af00c.dir/build]
  ignore line: [Building CXX object CMakeFiles/cmTC_af00c.dir/CMakeCXXCompilerABI.cpp.o]
  ignore line: [/Applications/Arduino.app/Contents/Java/hardware/tools/avr/bin/avr-g++  -c -g -Os -w -std=gnu++11 -fpermissive -fno-exceptions -ffunction-sections -fdata-sections -fno-threadsafe-statics -Wno-error=narrowing -MMD -flto -mmcu=atmega328p -DF_CPU=16000000L -DARDUINO=10809 -DARDUINO_AVR_NANO -DARDUINO_ARCH_AVR   -DARDUINO_AVR_NANO_MENU_CPU_ATMEGA328OLD  -v /usr/local/Cellar/cmake/3.17.1/share/cmake/Modules/CMakeCXXCompilerABI.cpp -o CMakeFiles/cmTC_af00c.dir/CMakeCXXCompilerABI.cpp.o]
  ignore line: [Using built-in specs.]
  ignore line: [Reading specs from /Applications/Arduino.app/Contents/Java/hardware/tools/avr/bin/../lib/gcc/avr/5.4.0/device-specs/specs-atmega328p]
  ignore line: [COLLECT_GCC=/Applications/Arduino.app/Contents/Java/hardware/tools/avr/bin/avr-g++]
  ignore line: [Target: avr]
  ignore line: [Configured with: ../gcc/configure --enable-fixed-point --enable-languages=c c++ --prefix=/Users/jenkins/jenkins/workspace/avr-gcc-staging/label/mac-mini/objdir --disable-nls --disable-libssp --disable-libada --disable-shared --with-avrlibc=yes --with-dwarf2 --disable-doc --target=avr]
  ignore line: [Thread model: single]
  ignore line: [gcc version 5.4.0 (GCC) ]
  ignore line: [COLLECT_GCC_OPTIONS='-c' '-g' '-Os' '-w' '-std=gnu++11' '-fpermissive' '-fno-exceptions' '-ffunction-sections' '-fdata-sections' '-fno-threadsafe-statics' '-Wno-error=narrowing' '-MMD' '-flto'  '-D' 'F_CPU=16000000L' '-D' 'ARDUINO=10809' '-D' 'ARDUINO_AVR_NANO' '-D' 'ARDUINO_ARCH_AVR' '-D' 'ARDUINO_AVR_NANO_MENU_CPU_ATMEGA328OLD' '-v' '-o' 'CMakeFiles/cmTC_af00c.dir/CMakeCXXCompilerABI.cpp.o' '-specs=device-specs/specs-atmega328p' '-mmcu=avr5']
  ignore line: [ /Applications/Arduino.app/Contents/Java/hardware/tools/avr/bin/../libexec/gcc/avr/5.4.0/cc1plus -quiet -v -imultilib avr5 -iprefix /Applications/Arduino.app/Contents/Java/hardware/tools/avr/bin/../lib/gcc/avr/5.4.0/ -MMD CMakeFiles/cmTC_af00c.dir/CMakeCXXCompilerABI.cpp.d -MQ CMakeFiles/cmTC_af00c.dir/CMakeCXXCompilerABI.cpp.o -D__AVR_ATmega328P__ -D__AVR_DEVICE_NAME__=atmega328p -D F_CPU=16000000L -D ARDUINO=10809 -D ARDUINO_AVR_NANO -D ARDUINO_ARCH_AVR -D ARDUINO_AVR_NANO_MENU_CPU_ATMEGA328OLD /usr/local/Cellar/cmake/3.17.1/share/cmake/Modules/CMakeCXXCompilerABI.cpp -mn-flash=1 -mno-skip-bug -quiet -dumpbase CMakeCXXCompilerABI.cpp -mmcu=avr5 -auxbase-strip CMakeFiles/cmTC_af00c.dir/CMakeCXXCompilerABI.cpp.o -g -Os -Wno-error=narrowing -w -std=gnu++11 -version -fpermissive -fno-exceptions -ffunction-sections -fdata-sections -fno-threadsafe-statics -flto -mn-flash=1 -mno-skip-bug -fno-rtti -fno-enforce-eh-specs -fno-exceptions -o /var/folders/lp/zd053hw96kb02kbtqmnh8pt8fvxm0m/T//ccd9seDT.s]
  ignore line: [GNU C++11 (GCC) version 5.4.0 (avr)]
  ignore line: [	compiled by GNU C version 4.2.1 Compatible Apple LLVM 8.1.0 (clang-802.0.38)  GMP version 5.0.2  MPFR version 3.0.0  MPC version 0.9]
  ignore line: [GGC heuristics: --param ggc-min-expand=100 --param ggc-min-heapsize=131072]
  ignore line: [ignoring nonexistent directory "/Applications/Arduino.app/Contents/Java/hardware/tools/avr/bin/../lib/gcc/avr/5.4.0/../../../../avr/include/c++/5.4.0"]
  ignore line: [ignoring nonexistent directory "/Applications/Arduino.app/Contents/Java/hardware/tools/avr/bin/../lib/gcc/avr/5.4.0/../../../../avr/include/c++/5.4.0/avr/avr5"]
  ignore line: [ignoring nonexistent directory "/Applications/Arduino.app/Contents/Java/hardware/tools/avr/bin/../lib/gcc/avr/5.4.0/../../../../avr/include/c++/5.4.0/backward"]
  ignore line: [ignoring nonexistent directory "/Applications/Arduino.app/Contents/Java/hardware/tools/avr/bin/../lib/gcc/avr/5.4.0/../../../../avr/sys-include"]
  ignore line: [ignoring nonexistent directory "/Applications/Arduino.app/Contents/Java/hardware/tools/avr/bin/../lib/gcc/../../lib/gcc/avr/5.4.0/../../../../avr/include/c++/5.4.0"]
  ignore line: [ignoring nonexistent directory "/Applications/Arduino.app/Contents/Java/hardware/tools/avr/bin/../lib/gcc/../../lib/gcc/avr/5.4.0/../../../../avr/include/c++/5.4.0/avr/avr5"]
  ignore line: [ignoring nonexistent directory "/Applications/Arduino.app/Contents/Java/hardware/tools/avr/bin/../lib/gcc/../../lib/gcc/avr/5.4.0/../../../../avr/include/c++/5.4.0/backward"]
  ignore line: [ignoring duplicate directory "/Applications/Arduino.app/Contents/Java/hardware/tools/avr/bin/../lib/gcc/../../lib/gcc/avr/5.4.0/include"]
  ignore line: [ignoring duplicate directory "/Applications/Arduino.app/Contents/Java/hardware/tools/avr/bin/../lib/gcc/../../lib/gcc/avr/5.4.0/include-fixed"]
  ignore line: [ignoring nonexistent directory "/Applications/Arduino.app/Contents/Java/hardware/tools/avr/bin/../lib/gcc/../../lib/gcc/avr/5.4.0/../../../../avr/sys-include"]
  ignore line: [ignoring duplicate directory "/Applications/Arduino.app/Contents/Java/hardware/tools/avr/bin/../lib/gcc/../../lib/gcc/avr/5.4.0/../../../../avr/include"]
  ignore line: [#include "..." search starts here:]
  ignore line: [#include <...> search starts here:]
  ignore line: [ /Applications/Arduino.app/Contents/Java/hardware/tools/avr/bin/../lib/gcc/avr/5.4.0/include]
  ignore line: [ /Applications/Arduino.app/Contents/Java/hardware/tools/avr/bin/../lib/gcc/avr/5.4.0/include-fixed]
  ignore line: [ /Applications/Arduino.app/Contents/Java/hardware/tools/avr/bin/../lib/gcc/avr/5.4.0/../../../../avr/include]
  ignore line: [End of search list.]
  ignore line: [GNU C++11 (GCC) version 5.4.0 (avr)]
  ignore line: [	compiled by GNU C version 4.2.1 Compatible Apple LLVM 8.1.0 (clang-802.0.38)  GMP version 5.0.2  MPFR version 3.0.0  MPC version 0.9]
  ignore line: [GGC heuristics: --param ggc-min-expand=100 --param ggc-min-heapsize=131072]
  ignore line: [Compiler executable checksum: 775dbac7238c85f777b2c398bf4fc173]
  ignore line: [COLLECT_GCC_OPTIONS='-c' '-g' '-Os' '-w' '-std=gnu++11' '-fpermissive' '-fno-exceptions' '-ffunction-sections' '-fdata-sections' '-fno-threadsafe-statics' '-Wno-error=narrowing' '-MMD' '-flto'  '-D' 'F_CPU=16000000L' '-D' 'ARDUINO=10809' '-D' 'ARDUINO_AVR_NANO' '-D' 'ARDUINO_ARCH_AVR' '-D' 'ARDUINO_AVR_NANO_MENU_CPU_ATMEGA328OLD' '-v' '-o' 'CMakeFiles/cmTC_af00c.dir/CMakeCXXCompilerABI.cpp.o' '-specs=device-specs/specs-atmega328p' '-mmcu=avr5']
  ignore line: [ /Applications/Arduino.app/Contents/Java/hardware/tools/avr/bin/../lib/gcc/avr/5.4.0/../../../../avr/bin/as -mmcu=avr5 -mno-skip-bug -o CMakeFiles/cmTC_af00c.dir/CMakeCXXCompilerABI.cpp.o /var/folders/lp/zd053hw96kb02kbtqmnh8pt8fvxm0m/T//ccd9seDT.s]
  ignore line: [COMPILER_PATH=/Applications/Arduino.app/Contents/Java/hardware/tools/avr/bin/../libexec/gcc/avr/5.4.0/:/Applications/Arduino.app/Contents/Java/hardware/tools/avr/bin/../libexec/gcc/:/Applications/Arduino.app/Contents/Java/hardware/tools/avr/bin/../lib/gcc/avr/5.4.0/../../../../avr/bin/]
  ignore line: [LIBRARY_PATH=/Applications/Arduino.app/Contents/Java/hardware/tools/avr/bin/../lib/gcc/avr/5.4.0/avr5/:/Applications/Arduino.app/Contents/Java/hardware/tools/avr/bin/../lib/gcc/avr/5.4.0/../../../../avr/lib/avr5/:/Applications/Arduino.app/Contents/Java/hardware/tools/avr/bin/../lib/gcc/avr/5.4.0/:/Applications/Arduino.app/Contents/Java/hardware/tools/avr/bin/../lib/gcc/:/Applications/Arduino.app/Contents/Java/hardware/tools/avr/bin/../lib/gcc/avr/5.4.0/../../../../avr/lib/]
  ignore line: [COLLECT_GCC_OPTIONS='-c' '-g' '-Os' '-w' '-std=gnu++11' '-fpermissive' '-fno-exceptions' '-ffunction-sections' '-fdata-sections' '-fno-threadsafe-statics' '-Wno-error=narrowing' '-MMD' '-flto'  '-D' 'F_CPU=16000000L' '-D' 'ARDUINO=10809' '-D' 'ARDUINO_AVR_NANO' '-D' 'ARDUINO_ARCH_AVR' '-D' 'ARDUINO_AVR_NANO_MENU_CPU_ATMEGA328OLD' '-v' '-o' 'CMakeFiles/cmTC_af00c.dir/CMakeCXXCompilerABI.cpp.o' '-specs=device-specs/specs-atmega328p' '-mmcu=avr5']
  ignore line: [Linking CXX static library libcmTC_af00c.a]
  ignore line: [/usr/local/Cellar/cmake/3.17.1/bin/cmake -P CMakeFiles/cmTC_af00c.dir/cmake_clean_target.cmake]
  ignore line: [/usr/local/Cellar/cmake/3.17.1/bin/cmake -E cmake_link_script CMakeFiles/cmTC_af00c.dir/link.txt --verbose=1]
  ignore line: [/Applications/Arduino.app/Contents/Java/hardware/tools/avr/bin/avr-gcc-ar  rcs  libcmTC_af00c.a  CMakeFiles/cmTC_af00c.dir/CMakeCXXCompilerABI.cpp.o]
  ignore line: []
  ignore line: []
  implicit libs: []
  implicit dirs: []
  implicit fwks: []


Compiling the C compiler identification source file "CMakeCCompilerId.c" succeeded.
Compiler: /Applications/Arduino.app/Contents/Java/hardware/tools/avr/bin/avr-gcc 
Build flags: 
Id flags:  

The output was:
0


Compilation of the C compiler identification source "CMakeCCompilerId.c" produced "a.out"

The C compiler identification is GNU, found in "/Users/scardenete/Documents/my_own_documents/Arduino/Proyect_Pi_Arduino/build/CMakeFiles/3.17.1/CompilerIdC/a.out"

Determining if the C compiler works passed with the following output:
Change Dir: /Users/scardenete/Documents/my_own_documents/Arduino/Proyect_Pi_Arduino/build/CMakeFiles/CMakeTmp

Run Build Command(s):/usr/bin/gmake cmTC_aae69/fast && /Applications/Xcode.app/Contents/Developer/usr/bin/make  -f CMakeFiles/cmTC_aae69.dir/build.make CMakeFiles/cmTC_aae69.dir/build
Building C object CMakeFiles/cmTC_aae69.dir/testCCompiler.c.o
/Applications/Arduino.app/Contents/Java/hardware/tools/avr/bin/avr-gcc  -c -g -Os -w -std=gnu11 -ffunction-sections -fdata-sections -MMD -flto -fno-fat-lto-objects -mmcu=atmega328p -DF_CPU=16000000L -DARDUINO=10809 -DARDUINO_AVR_NANO -DARDUINO_ARCH_AVR   -DARDUINO_AVR_NANO_MENU_CPU_ATMEGA328OLD   /Users/scardenete/Documents/my_own_documents/Arduino/Proyect_Pi_Arduino/build/CMakeFiles/CMakeTmp/testCCompiler.c -o CMakeFiles/cmTC_aae69.dir/testCCompiler.c.o
Linking C static library libcmTC_aae69.a
/usr/local/Cellar/cmake/3.17.1/bin/cmake -P CMakeFiles/cmTC_aae69.dir/cmake_clean_target.cmake
/usr/local/Cellar/cmake/3.17.1/bin/cmake -E cmake_link_script CMakeFiles/cmTC_aae69.dir/link.txt --verbose=1
/Applications/Arduino.app/Contents/Java/hardware/tools/avr/bin/avr-gcc-ar  rcs  libcmTC_aae69.a  CMakeFiles/cmTC_aae69.dir/testCCompiler.c.o



Detecting C compiler ABI info compiled with the following output:
Change Dir: /Users/scardenete/Documents/my_own_documents/Arduino/Proyect_Pi_Arduino/build/CMakeFiles/CMakeTmp

Run Build Command(s):/usr/bin/gmake cmTC_9306d/fast && /Applications/Xcode.app/Contents/Developer/usr/bin/make  -f CMakeFiles/cmTC_9306d.dir/build.make CMakeFiles/cmTC_9306d.dir/build
Building C object CMakeFiles/cmTC_9306d.dir/CMakeCCompilerABI.c.o
/Applications/Arduino.app/Contents/Java/hardware/tools/avr/bin/avr-gcc  -c -g -Os -w -std=gnu11 -ffunction-sections -fdata-sections -MMD -flto -fno-fat-lto-objects -mmcu=atmega328p -DF_CPU=16000000L -DARDUINO=10809 -DARDUINO_AVR_NANO -DARDUINO_ARCH_AVR   -DARDUINO_AVR_NANO_MENU_CPU_ATMEGA328OLD  -v /usr/local/Cellar/cmake/3.17.1/share/cmake/Modules/CMakeCCompilerABI.c -o CMakeFiles/cmTC_9306d.dir/CMakeCCompilerABI.c.o
Using built-in specs.
Reading specs from /Applications/Arduino.app/Contents/Java/hardware/tools/avr/bin/../lib/gcc/avr/5.4.0/device-specs/specs-atmega328p
COLLECT_GCC=/Applications/Arduino.app/Contents/Java/hardware/tools/avr/bin/avr-gcc
Target: avr
Configured with: ../gcc/configure --enable-fixed-point --enable-languages=c,c++ --prefix=/Users/jenkins/jenkins/workspace/avr-gcc-staging/label/mac-mini/objdir --disable-nls --disable-libssp --disable-libada --disable-shared --with-avrlibc=yes --with-dwarf2 --disable-doc --target=avr
Thread model: single
gcc version 5.4.0 (GCC) 
COLLECT_GCC_OPTIONS='-c' '-g' '-Os' '-w' '-std=gnu11' '-ffunction-sections' '-fdata-sections' '-MMD' '-flto' '-fno-fat-lto-objects'  '-D' 'F_CPU=16000000L' '-D' 'ARDUINO=10809' '-D' 'ARDUINO_AVR_NANO' '-D' 'ARDUINO_ARCH_AVR' '-D' 'ARDUINO_AVR_NANO_MENU_CPU_ATMEGA328OLD' '-v' '-o' 'CMakeFiles/cmTC_9306d.dir/CMakeCCompilerABI.c.o' '-specs=device-specs/specs-atmega328p' '-mmcu=avr5'
 /Applications/Arduino.app/Contents/Java/hardware/tools/avr/bin/../libexec/gcc/avr/5.4.0/cc1 -quiet -v -imultilib avr5 -iprefix /Applications/Arduino.app/Contents/Java/hardware/tools/avr/bin/../lib/gcc/avr/5.4.0/ -MMD CMakeFiles/cmTC_9306d.dir/CMakeCCompilerABI.c.d -MQ CMakeFiles/cmTC_9306d.dir/CMakeCCompilerABI.c.o -D__AVR_ATmega328P__ -D__AVR_DEVICE_NAME__=atmega328p -D F_CPU=16000000L -D ARDUINO=10809 -D ARDUINO_AVR_NANO -D ARDUINO_ARCH_AVR -D ARDUINO_AVR_NANO_MENU_CPU_ATMEGA328OLD /usr/local/Cellar/cmake/3.17.1/share/cmake/Modules/CMakeCCompilerABI.c -mn-flash=1 -mno-skip-bug -quiet -dumpbase CMakeCCompilerABI.c -mmcu=avr5 -auxbase-strip CMakeFiles/cmTC_9306d.dir/CMakeCCompilerABI.c.o -g -Os -w -std=gnu11 -version -ffunction-sections -fdata-sections -flto -fno-fat-lto-objects -o /var/folders/lp/zd053hw96kb02kbtqmnh8pt8fvxm0m/T//ccPKwUpO.s
GNU C11 (GCC) version 5.4.0 (avr)
	compiled by GNU C version 4.2.1 Compatible Apple LLVM 8.1.0 (clang-802.0.38), GMP version 5.0.2, MPFR version 3.0.0, MPC version 0.9
GGC heuristics: --param ggc-min-expand=100 --param ggc-min-heapsize=131072
ignoring nonexistent directory "/Applications/Arduino.app/Contents/Java/hardware/tools/avr/bin/../lib/gcc/avr/5.4.0/../../../../avr/sys-include"
ignoring duplicate directory "/Applications/Arduino.app/Contents/Java/hardware/tools/avr/bin/../lib/gcc/../../lib/gcc/avr/5.4.0/include"
ignoring duplicate directory "/Applications/Arduino.app/Contents/Java/hardware/tools/avr/bin/../lib/gcc/../../lib/gcc/avr/5.4.0/include-fixed"
ignoring nonexistent directory "/Applications/Arduino.app/Contents/Java/hardware/tools/avr/bin/../lib/gcc/../../lib/gcc/avr/5.4.0/../../../../avr/sys-include"
ignoring duplicate directory "/Applications/Arduino.app/Contents/Java/hardware/tools/avr/bin/../lib/gcc/../../lib/gcc/avr/5.4.0/../../../../avr/include"
#include "..." search starts here:
#include <...> search starts here:
 /Applications/Arduino.app/Contents/Java/hardware/tools/avr/bin/../lib/gcc/avr/5.4.0/include
 /Applications/Arduino.app/Contents/Java/hardware/tools/avr/bin/../lib/gcc/avr/5.4.0/include-fixed
 /Applications/Arduino.app/Contents/Java/hardware/tools/avr/bin/../lib/gcc/avr/5.4.0/../../../../avr/include
End of search list.
GNU C11 (GCC) version 5.4.0 (avr)
	compiled by GNU C version 4.2.1 Compatible Apple LLVM 8.1.0 (clang-802.0.38), GMP version 5.0.2, MPFR version 3.0.0, MPC version 0.9
GGC heuristics: --param ggc-min-expand=100 --param ggc-min-heapsize=131072
Compiler executable checksum: 126be4f9d7182581a768476cb1292ab3
COLLECT_GCC_OPTIONS='-c' '-g' '-Os' '-w' '-std=gnu11' '-ffunction-sections' '-fdata-sections' '-MMD' '-flto' '-fno-fat-lto-objects'  '-D' 'F_CPU=16000000L' '-D' 'ARDUINO=10809' '-D' 'ARDUINO_AVR_NANO' '-D' 'ARDUINO_ARCH_AVR' '-D' 'ARDUINO_AVR_NANO_MENU_CPU_ATMEGA328OLD' '-v' '-o' 'CMakeFiles/cmTC_9306d.dir/CMakeCCompilerABI.c.o' '-specs=device-specs/specs-atmega328p' '-mmcu=avr5'
 /Applications/Arduino.app/Contents/Java/hardware/tools/avr/bin/../lib/gcc/avr/5.4.0/../../../../avr/bin/as -mmcu=avr5 -mno-skip-bug -o CMakeFiles/cmTC_9306d.dir/CMakeCCompilerABI.c.o /var/folders/lp/zd053hw96kb02kbtqmnh8pt8fvxm0m/T//ccPKwUpO.s
COMPILER_PATH=/Applications/Arduino.app/Contents/Java/hardware/tools/avr/bin/../libexec/gcc/avr/5.4.0/:/Applications/Arduino.app/Contents/Java/hardware/tools/avr/bin/../libexec/gcc/:/Applications/Arduino.app/Contents/Java/hardware/tools/avr/bin/../lib/gcc/avr/5.4.0/../../../../avr/bin/
LIBRARY_PATH=/Applications/Arduino.app/Contents/Java/hardware/tools/avr/bin/../lib/gcc/avr/5.4.0/avr5/:/Applications/Arduino.app/Contents/Java/hardware/tools/avr/bin/../lib/gcc/avr/5.4.0/../../../../avr/lib/avr5/:/Applications/Arduino.app/Contents/Java/hardware/tools/avr/bin/../lib/gcc/avr/5.4.0/:/Applications/Arduino.app/Contents/Java/hardware/tools/avr/bin/../lib/gcc/:/Applications/Arduino.app/Contents/Java/hardware/tools/avr/bin/../lib/gcc/avr/5.4.0/../../../../avr/lib/
COLLECT_GCC_OPTIONS='-c' '-g' '-Os' '-w' '-std=gnu11' '-ffunction-sections' '-fdata-sections' '-MMD' '-flto' '-fno-fat-lto-objects'  '-D' 'F_CPU=16000000L' '-D' 'ARDUINO=10809' '-D' 'ARDUINO_AVR_NANO' '-D' 'ARDUINO_ARCH_AVR' '-D' 'ARDUINO_AVR_NANO_MENU_CPU_ATMEGA328OLD' '-v' '-o' 'CMakeFiles/cmTC_9306d.dir/CMakeCCompilerABI.c.o' '-specs=device-specs/specs-atmega328p' '-mmcu=avr5'
Linking C static library libcmTC_9306d.a
/usr/local/Cellar/cmake/3.17.1/bin/cmake -P CMakeFiles/cmTC_9306d.dir/cmake_clean_target.cmake
/usr/local/Cellar/cmake/3.17.1/bin/cmake -E cmake_link_script CMakeFiles/cmTC_9306d.dir/link.txt --verbose=1
/Applications/Arduino.app/Contents/Java/hardware/tools/avr/bin/avr-gcc-ar  rcs  libcmTC_9306d.a  CMakeFiles/cmTC_9306d.dir/CMakeCCompilerABI.c.o



Parsed C implicit include dir info from above output: rv=done
  found start of include info
  found start of implicit include info
    add: [/Applications/Arduino.app/Contents/Java/hardware/tools/avr/bin/../lib/gcc/avr/5.4.0/include]
    add: [/Applications/Arduino.app/Contents/Java/hardware/tools/avr/bin/../lib/gcc/avr/5.4.0/include-fixed]
    add: [/Applications/Arduino.app/Contents/Java/hardware/tools/avr/bin/../lib/gcc/avr/5.4.0/../../../../avr/include]
  end of search list found
  collapse include dir [/Applications/Arduino.app/Contents/Java/hardware/tools/avr/bin/../lib/gcc/avr/5.4.0/include] ==> [/Applications/Arduino.app/Contents/Java/hardware/tools/avr/lib/gcc/avr/5.4.0/include]
  collapse include dir [/Applications/Arduino.app/Contents/Java/hardware/tools/avr/bin/../lib/gcc/avr/5.4.0/include-fixed] ==> [/Applications/Arduino.app/Contents/Java/hardware/tools/avr/lib/gcc/avr/5.4.0/include-fixed]
  collapse include dir [/Applications/Arduino.app/Contents/Java/hardware/tools/avr/bin/../lib/gcc/avr/5.4.0/../../../../avr/include] ==> [/Applications/Arduino.app/Contents/Java/hardware/tools/avr/avr/include]
  implicit include dirs: [/Applications/Arduino.app/Contents/Java/hardware/tools/avr/lib/gcc/avr/5.4.0/include;/Applications/Arduino.app/Contents/Java/hardware/tools/avr/lib/gcc/avr/5.4.0/include-fixed;/Applications/Arduino.app/Contents/Java/hardware/tools/avr/avr/include]


Parsed C implicit link information from above output:
  link line regex: [^( *|.*[/\])(avr-ld|CMAKE_LINK_STARTFILE-NOTFOUND|([^/\]+-)?ld|collect2)[^/\]*( |$)]
  ignore line: [Change Dir: /Users/scardenete/Documents/my_own_documents/Arduino/Proyect_Pi_Arduino/build/CMakeFiles/CMakeTmp]
  ignore line: []
  ignore line: [Run Build Command(s):/usr/bin/gmake cmTC_9306d/fast && /Applications/Xcode.app/Contents/Developer/usr/bin/make  -f CMakeFiles/cmTC_9306d.dir/build.make CMakeFiles/cmTC_9306d.dir/build]
  ignore line: [Building C object CMakeFiles/cmTC_9306d.dir/CMakeCCompilerABI.c.o]
  ignore line: [/Applications/Arduino.app/Contents/Java/hardware/tools/avr/bin/avr-gcc  -c -g -Os -w -std=gnu11 -ffunction-sections -fdata-sections -MMD -flto -fno-fat-lto-objects -mmcu=atmega328p -DF_CPU=16000000L -DARDUINO=10809 -DARDUINO_AVR_NANO -DARDUINO_ARCH_AVR   -DARDUINO_AVR_NANO_MENU_CPU_ATMEGA328OLD  -v /usr/local/Cellar/cmake/3.17.1/share/cmake/Modules/CMakeCCompilerABI.c -o CMakeFiles/cmTC_9306d.dir/CMakeCCompilerABI.c.o]
  ignore line: [Using built-in specs.]
  ignore line: [Reading specs from /Applications/Arduino.app/Contents/Java/hardware/tools/avr/bin/../lib/gcc/avr/5.4.0/device-specs/specs-atmega328p]
  ignore line: [COLLECT_GCC=/Applications/Arduino.app/Contents/Java/hardware/tools/avr/bin/avr-gcc]
  ignore line: [Target: avr]
  ignore line: [Configured with: ../gcc/configure --enable-fixed-point --enable-languages=c c++ --prefix=/Users/jenkins/jenkins/workspace/avr-gcc-staging/label/mac-mini/objdir --disable-nls --disable-libssp --disable-libada --disable-shared --with-avrlibc=yes --with-dwarf2 --disable-doc --target=avr]
  ignore line: [Thread model: single]
  ignore line: [gcc version 5.4.0 (GCC) ]
  ignore line: [COLLECT_GCC_OPTIONS='-c' '-g' '-Os' '-w' '-std=gnu11' '-ffunction-sections' '-fdata-sections' '-MMD' '-flto' '-fno-fat-lto-objects'  '-D' 'F_CPU=16000000L' '-D' 'ARDUINO=10809' '-D' 'ARDUINO_AVR_NANO' '-D' 'ARDUINO_ARCH_AVR' '-D' 'ARDUINO_AVR_NANO_MENU_CPU_ATMEGA328OLD' '-v' '-o' 'CMakeFiles/cmTC_9306d.dir/CMakeCCompilerABI.c.o' '-specs=device-specs/specs-atmega328p' '-mmcu=avr5']
  ignore line: [ /Applications/Arduino.app/Contents/Java/hardware/tools/avr/bin/../libexec/gcc/avr/5.4.0/cc1 -quiet -v -imultilib avr5 -iprefix /Applications/Arduino.app/Contents/Java/hardware/tools/avr/bin/../lib/gcc/avr/5.4.0/ -MMD CMakeFiles/cmTC_9306d.dir/CMakeCCompilerABI.c.d -MQ CMakeFiles/cmTC_9306d.dir/CMakeCCompilerABI.c.o -D__AVR_ATmega328P__ -D__AVR_DEVICE_NAME__=atmega328p -D F_CPU=16000000L -D ARDUINO=10809 -D ARDUINO_AVR_NANO -D ARDUINO_ARCH_AVR -D ARDUINO_AVR_NANO_MENU_CPU_ATMEGA328OLD /usr/local/Cellar/cmake/3.17.1/share/cmake/Modules/CMakeCCompilerABI.c -mn-flash=1 -mno-skip-bug -quiet -dumpbase CMakeCCompilerABI.c -mmcu=avr5 -auxbase-strip CMakeFiles/cmTC_9306d.dir/CMakeCCompilerABI.c.o -g -Os -w -std=gnu11 -version -ffunction-sections -fdata-sections -flto -fno-fat-lto-objects -o /var/folders/lp/zd053hw96kb02kbtqmnh8pt8fvxm0m/T//ccPKwUpO.s]
  ignore line: [GNU C11 (GCC) version 5.4.0 (avr)]
  ignore line: [	compiled by GNU C version 4.2.1 Compatible Apple LLVM 8.1.0 (clang-802.0.38)  GMP version 5.0.2  MPFR version 3.0.0  MPC version 0.9]
  ignore line: [GGC heuristics: --param ggc-min-expand=100 --param ggc-min-heapsize=131072]
  ignore line: [ignoring nonexistent directory "/Applications/Arduino.app/Contents/Java/hardware/tools/avr/bin/../lib/gcc/avr/5.4.0/../../../../avr/sys-include"]
  ignore line: [ignoring duplicate directory "/Applications/Arduino.app/Contents/Java/hardware/tools/avr/bin/../lib/gcc/../../lib/gcc/avr/5.4.0/include"]
  ignore line: [ignoring duplicate directory "/Applications/Arduino.app/Contents/Java/hardware/tools/avr/bin/../lib/gcc/../../lib/gcc/avr/5.4.0/include-fixed"]
  ignore line: [ignoring nonexistent directory "/Applications/Arduino.app/Contents/Java/hardware/tools/avr/bin/../lib/gcc/../../lib/gcc/avr/5.4.0/../../../../avr/sys-include"]
  ignore line: [ignoring duplicate directory "/Applications/Arduino.app/Contents/Java/hardware/tools/avr/bin/../lib/gcc/../../lib/gcc/avr/5.4.0/../../../../avr/include"]
  ignore line: [#include "..." search starts here:]
  ignore line: [#include <...> search starts here:]
  ignore line: [ /Applications/Arduino.app/Contents/Java/hardware/tools/avr/bin/../lib/gcc/avr/5.4.0/include]
  ignore line: [ /Applications/Arduino.app/Contents/Java/hardware/tools/avr/bin/../lib/gcc/avr/5.4.0/include-fixed]
  ignore line: [ /Applications/Arduino.app/Contents/Java/hardware/tools/avr/bin/../lib/gcc/avr/5.4.0/../../../../avr/include]
  ignore line: [End of search list.]
  ignore line: [GNU C11 (GCC) version 5.4.0 (avr)]
  ignore line: [	compiled by GNU C version 4.2.1 Compatible Apple LLVM 8.1.0 (clang-802.0.38)  GMP version 5.0.2  MPFR version 3.0.0  MPC version 0.9]
  ignore line: [GGC heuristics: --param ggc-min-expand=100 --param ggc-min-heapsize=131072]
  ignore line: [Compiler executable checksum: 126be4f9d7182581a768476cb1292ab3]
  ignore line: [COLLECT_GCC_OPTIONS='-c' '-g' '-Os' '-w' '-std=gnu11' '-ffunction-sections' '-fdata-sections' '-MMD' '-flto' '-fno-fat-lto-objects'  '-D' 'F_CPU=16000000L' '-D' 'ARDUINO=10809' '-D' 'ARDUINO_AVR_NANO' '-D' 'ARDUINO_ARCH_AVR' '-D' 'ARDUINO_AVR_NANO_MENU_CPU_ATMEGA328OLD' '-v' '-o' 'CMakeFiles/cmTC_9306d.dir/CMakeCCompilerABI.c.o' '-specs=device-specs/specs-atmega328p' '-mmcu=avr5']
  ignore line: [ /Applications/Arduino.app/Contents/Java/hardware/tools/avr/bin/../lib/gcc/avr/5.4.0/../../../../avr/bin/as -mmcu=avr5 -mno-skip-bug -o CMakeFiles/cmTC_9306d.dir/CMakeCCompilerABI.c.o /var/folders/lp/zd053hw96kb02kbtqmnh8pt8fvxm0m/T//ccPKwUpO.s]
  ignore line: [COMPILER_PATH=/Applications/Arduino.app/Contents/Java/hardware/tools/avr/bin/../libexec/gcc/avr/5.4.0/:/Applications/Arduino.app/Contents/Java/hardware/tools/avr/bin/../libexec/gcc/:/Applications/Arduino.app/Contents/Java/hardware/tools/avr/bin/../lib/gcc/avr/5.4.0/../../../../avr/bin/]
  ignore line: [LIBRARY_PATH=/Applications/Arduino.app/Contents/Java/hardware/tools/avr/bin/../lib/gcc/avr/5.4.0/avr5/:/Applications/Arduino.app/Contents/Java/hardware/tools/avr/bin/../lib/gcc/avr/5.4.0/../../../../avr/lib/avr5/:/Applications/Arduino.app/Contents/Java/hardware/tools/avr/bin/../lib/gcc/avr/5.4.0/:/Applications/Arduino.app/Contents/Java/hardware/tools/avr/bin/../lib/gcc/:/Applications/Arduino.app/Contents/Java/hardware/tools/avr/bin/../lib/gcc/avr/5.4.0/../../../../avr/lib/]
  ignore line: [COLLECT_GCC_OPTIONS='-c' '-g' '-Os' '-w' '-std=gnu11' '-ffunction-sections' '-fdata-sections' '-MMD' '-flto' '-fno-fat-lto-objects'  '-D' 'F_CPU=16000000L' '-D' 'ARDUINO=10809' '-D' 'ARDUINO_AVR_NANO' '-D' 'ARDUINO_ARCH_AVR' '-D' 'ARDUINO_AVR_NANO_MENU_CPU_ATMEGA328OLD' '-v' '-o' 'CMakeFiles/cmTC_9306d.dir/CMakeCCompilerABI.c.o' '-specs=device-specs/specs-atmega328p' '-mmcu=avr5']
  ignore line: [Linking C static library libcmTC_9306d.a]
  ignore line: [/usr/local/Cellar/cmake/3.17.1/bin/cmake -P CMakeFiles/cmTC_9306d.dir/cmake_clean_target.cmake]
  ignore line: [/usr/local/Cellar/cmake/3.17.1/bin/cmake -E cmake_link_script CMakeFiles/cmTC_9306d.dir/link.txt --verbose=1]
  ignore line: [/Applications/Arduino.app/Contents/Java/hardware/tools/avr/bin/avr-gcc-ar  rcs  libcmTC_9306d.a  CMakeFiles/cmTC_9306d.dir/CMakeCCompilerABI.c.o]
  ignore line: []
  ignore line: []
  implicit libs: []
  implicit dirs: []
  implicit fwks: []


Checking whether the ASM compiler is GNU using "--version" matched "(GNU assembler)|(GCC)|(Free Software Foundation)":
avr-gcc (GCC) 5.4.0
Copyright (C) 2015 Free Software Foundation, Inc.
This is free software; see the source for copying conditions.  There is NO
warranty; not even for MERCHANTABILITY or FITNESS FOR A PARTICULAR PURPOSE.

